violin
./result/large_8e-06_b60
Some weights of the model checkpoint at klue/roberta-large were not used when initializing RobertaModel: ['lm_head.decoder.weight', 'lm_head.dense.weight', 'lm_head.layer_norm.weight', 'lm_head.dense.bias', 'lm_head.layer_norm.bias', 'lm_head.bias', 'lm_head.decoder.bias']
- This IS expected if you are initializing RobertaModel from the checkpoint of a model trained on another task or with another architecture (e.g. initializing a BertForSequenceClassification model from a BertForPreTraining model).
- This IS NOT expected if you are initializing RobertaModel from the checkpoint of a model that you expect to be exactly identical (initializing a BertForSequenceClassification model from a BertForSequenceClassification model).
Some weights of RobertaModel were not initialized from the model checkpoint at klue/roberta-large and are newly initialized: ['roberta.pooler.dense.bias', 'roberta.pooler.dense.weight']
You should probably TRAIN this model on a down-stream task to be able to use it for predictions and inference.
/home/janghyun/anaconda3/envs/10/lib/python3.8/site-packages/torch/optim/lr_scheduler.py:129: UserWarning: Detected call of `lr_scheduler.step()` before `optimizer.step()`. In PyTorch 1.1.0 and later, you should call them in the opposite order: `optimizer.step()` before `lr_scheduler.step()`.  Failure to do this will result in PyTorch skipping the first value of the learning rate schedule. See more details at https://pytorch.org/docs/stable/optim.html#how-to-adjust-learning-rate
  warnings.warn("Detected call of `lr_scheduler.step()` before `optimizer.step()`. "
[Epoch 0] Train loss: 0.140, acc: 49.80, lr: {optimizer.param_groups[0]['lr']:.6f} time: {time.time()-s:.1f}s
[Epoch 0] Valid loss: 0.140, acc: 46.43
[Epoch 1] Train loss: 0.135, acc: 57.52, lr: {optimizer.param_groups[0]['lr']:.6f} time: {time.time()-s:.1f}s
[Epoch 1] Valid loss: 0.128, acc: 63.29
[Epoch 2] Train loss: 0.100, acc: 75.85, lr: {optimizer.param_groups[0]['lr']:.6f} time: {time.time()-s:.1f}s
[Epoch 2] Valid loss: 0.094, acc: 78.29
[Epoch 3] Train loss: 0.056, acc: 88.59, lr: {optimizer.param_groups[0]['lr']:.6f} time: {time.time()-s:.1f}s
[Epoch 3] Valid loss: 0.104, acc: 79.43
[Epoch 4] Train loss: 0.028, acc: 95.31, lr: {optimizer.param_groups[0]['lr']:.6f} time: {time.time()-s:.1f}s
[Epoch 4] Valid loss: 0.123, acc: 79.71
[Epoch 5] Train loss: 0.011, acc: 98.25, lr: {optimizer.param_groups[0]['lr']:.6f} time: {time.time()-s:.1f}s
[Epoch 5] Valid loss: 0.152, acc: 81.43
[Epoch 6] Train loss: 0.007, acc: 98.99, lr: {optimizer.param_groups[0]['lr']:.6f} time: {time.time()-s:.1f}s
[Epoch 6] Valid loss: 0.165, acc: 81.00
[Epoch 7] Train loss: 0.003, acc: 99.75, lr: {optimizer.param_groups[0]['lr']:.6f} time: {time.time()-s:.1f}s
[Epoch 7] Valid loss: 0.201, acc: 80.43
[Epoch 8] Train loss: 0.003, acc: 99.65, lr: {optimizer.param_groups[0]['lr']:.6f} time: {time.time()-s:.1f}s
[Epoch 8] Valid loss: 0.187, acc: 81.00
[Epoch 9] Train loss: 0.002, acc: 99.78, lr: {optimizer.param_groups[0]['lr']:.6f} time: {time.time()-s:.1f}s
[Epoch 9] Valid loss: 0.194, acc: 81.00
hostname : violin, partition : titan, script : ~/anaconda3/envs/10/bin/python -u main.py  --size large --lr 8e-06 --batch_size 60
