violin
./result/large_5e-06_b5
Some weights of the model checkpoint at klue/roberta-large were not used when initializing RobertaModel: ['lm_head.decoder.bias', 'lm_head.layer_norm.bias', 'lm_head.dense.weight', 'lm_head.layer_norm.weight', 'lm_head.decoder.weight', 'lm_head.bias', 'lm_head.dense.bias']
- This IS expected if you are initializing RobertaModel from the checkpoint of a model trained on another task or with another architecture (e.g. initializing a BertForSequenceClassification model from a BertForPreTraining model).
- This IS NOT expected if you are initializing RobertaModel from the checkpoint of a model that you expect to be exactly identical (initializing a BertForSequenceClassification model from a BertForSequenceClassification model).
Some weights of RobertaModel were not initialized from the model checkpoint at klue/roberta-large and are newly initialized: ['roberta.pooler.dense.weight', 'roberta.pooler.dense.bias']
You should probably TRAIN this model on a down-stream task to be able to use it for predictions and inference.
[Epoch 0] Train loss: 0.138, acc: 51.95, lr: {optimizer.param_groups[0]['lr']:.6f} time: {time.time()-s:.1f}s
[Epoch 0] Valid loss: 0.127, acc: 62.00
[Epoch 1] Train loss: 0.094, acc: 77.14, lr: {optimizer.param_groups[0]['lr']:.6f} time: {time.time()-s:.1f}s
[Epoch 1] Valid loss: 0.077, acc: 82.57
[Epoch 2] Train loss: 0.037, acc: 93.62, lr: {optimizer.param_groups[0]['lr']:.6f} time: {time.time()-s:.1f}s
[Epoch 2] Valid loss: 0.118, acc: 79.14
[Epoch 3] Train loss: 0.012, acc: 97.93, lr: {optimizer.param_groups[0]['lr']:.6f} time: {time.time()-s:.1f}s
[Epoch 3] Valid loss: 0.126, acc: 84.43
[Epoch 4] Train loss: 0.009, acc: 98.72, lr: {optimizer.param_groups[0]['lr']:.6f} time: {time.time()-s:.1f}s
[Epoch 4] Valid loss: 0.146, acc: 84.71
[Epoch 5] Train loss: 0.003, acc: 99.65, lr: {optimizer.param_groups[0]['lr']:.6f} time: {time.time()-s:.1f}s
[Epoch 5] Valid loss: 0.183, acc: 82.86
[Epoch 6] Train loss: 0.003, acc: 99.62, lr: {optimizer.param_groups[0]['lr']:.6f} time: {time.time()-s:.1f}s
[Epoch 6] Valid loss: 0.191, acc: 83.43
[Epoch 7] Train loss: 0.002, acc: 99.78, lr: {optimizer.param_groups[0]['lr']:.6f} time: {time.time()-s:.1f}s
[Epoch 7] Valid loss: 0.184, acc: 84.57
[Epoch 8] Train loss: 0.001, acc: 99.89, lr: {optimizer.param_groups[0]['lr']:.6f} time: {time.time()-s:.1f}s
[Epoch 8] Valid loss: 0.194, acc: 84.29
[Epoch 9] Train loss: 0.000, acc: 99.97, lr: {optimizer.param_groups[0]['lr']:.6f} time: {time.time()-s:.1f}s
[Epoch 9] Valid loss: 0.199, acc: 84.29
hostname : violin, partition : titan, script : ~/anaconda3/envs/10/bin/python -u main.py  --size large --lr 5e-06 --batch_size 5
