maxwell
./result/large_5e-06_b20
Some weights of the model checkpoint at klue/roberta-large were not used when initializing RobertaModel: ['lm_head.dense.weight', 'lm_head.decoder.bias', 'lm_head.decoder.weight', 'lm_head.layer_norm.bias', 'lm_head.dense.bias', 'lm_head.layer_norm.weight', 'lm_head.bias']
- This IS expected if you are initializing RobertaModel from the checkpoint of a model trained on another task or with another architecture (e.g. initializing a BertForSequenceClassification model from a BertForPreTraining model).
- This IS NOT expected if you are initializing RobertaModel from the checkpoint of a model that you expect to be exactly identical (initializing a BertForSequenceClassification model from a BertForSequenceClassification model).
Some weights of RobertaModel were not initialized from the model checkpoint at klue/roberta-large and are newly initialized: ['roberta.pooler.dense.weight', 'roberta.pooler.dense.bias']
You should probably TRAIN this model on a down-stream task to be able to use it for predictions and inference.
/home/janghyun/anaconda3/envs/10/lib/python3.8/site-packages/torch/optim/lr_scheduler.py:129: UserWarning: Detected call of `lr_scheduler.step()` before `optimizer.step()`. In PyTorch 1.1.0 and later, you should call them in the opposite order: `optimizer.step()` before `lr_scheduler.step()`.  Failure to do this will result in PyTorch skipping the first value of the learning rate schedule. See more details at https://pytorch.org/docs/stable/optim.html#how-to-adjust-learning-rate
  warnings.warn("Detected call of `lr_scheduler.step()` before `optimizer.step()`. "
[Epoch 0] Train loss: 0.141, acc: 50.86, lr: {optimizer.param_groups[0]['lr']:.6f} time: {time.time()-s:.1f}s
[Epoch 0] Valid loss: 0.141, acc: 47.00
[Epoch 1] Train loss: 0.116, acc: 68.19, lr: {optimizer.param_groups[0]['lr']:.6f} time: {time.time()-s:.1f}s
[Epoch 1] Valid loss: 0.087, acc: 79.14
[Epoch 2] Train loss: 0.061, acc: 87.29, lr: {optimizer.param_groups[0]['lr']:.6f} time: {time.time()-s:.1f}s
[Epoch 2] Valid loss: 0.092, acc: 80.71
[Epoch 3] Train loss: 0.028, acc: 95.33, lr: {optimizer.param_groups[0]['lr']:.6f} time: {time.time()-s:.1f}s
[Epoch 3] Valid loss: 0.115, acc: 83.29
[Epoch 4] Train loss: 0.013, acc: 97.95, lr: {optimizer.param_groups[0]['lr']:.6f} time: {time.time()-s:.1f}s
[Epoch 4] Valid loss: 0.137, acc: 82.86
[Epoch 5] Train loss: 0.007, acc: 99.05, lr: {optimizer.param_groups[0]['lr']:.6f} time: {time.time()-s:.1f}s
[Epoch 5] Valid loss: 0.130, acc: 84.71
[Epoch 6] Train loss: 0.004, acc: 99.40, lr: {optimizer.param_groups[0]['lr']:.6f} time: {time.time()-s:.1f}s
[Epoch 6] Valid loss: 0.137, acc: 85.43
[Epoch 7] Train loss: 0.002, acc: 99.78, lr: {optimizer.param_groups[0]['lr']:.6f} time: {time.time()-s:.1f}s
[Epoch 7] Valid loss: 0.162, acc: 84.57
[Epoch 8] Train loss: 0.001, acc: 99.78, lr: {optimizer.param_groups[0]['lr']:.6f} time: {time.time()-s:.1f}s
[Epoch 8] Valid loss: 0.148, acc: 85.57
[Epoch 9] Train loss: 0.001, acc: 99.86, lr: {optimizer.param_groups[0]['lr']:.6f} time: {time.time()-s:.1f}s
[Epoch 9] Valid loss: 0.155, acc: 85.86
hostname : maxwell, partition : titan, script : ~/anaconda3/envs/10/bin/python -u main.py  --size large --lr 5e-06 --batch_size 20
